<?xml version="1.0" encoding="UTF-8"?>
<testng-results ignored="0" total="1" passed="1" failed="0" skipped="0">
  <reporter-output>
  </reporter-output>
  <suite started-at="2024-04-01T11:07:06 IST" name="Default suite" finished-at="2024-04-01T11:07:28 IST" duration-ms="22401">
    <groups>
    </groups>
    <test started-at="2024-04-01T11:07:06 IST" name="Default test" finished-at="2024-04-01T11:07:28 IST" duration-ms="22401">
      <class name="Fuctionalities.IshaHomes">
        <test-method is-config="true" signature="setup()[pri:0, instance:Fuctionalities.IshaHomes@533bda92]" started-at="2024-04-01T11:07:06 IST" name="setup" finished-at="2024-04-01T11:07:26 IST" duration-ms="20373" status="PASS">
          <reporter-output>
          </reporter-output>
        </test-method> <!-- setup -->
        <test-method signature="count()[pri:0, instance:Fuctionalities.IshaHomes@533bda92]" started-at="2024-04-01T11:07:26 IST" name="count" finished-at="2024-04-01T11:07:27 IST" duration-ms="454" status="PASS">
          <reporter-output>
          </reporter-output>
        </test-method> <!-- count -->
        <test-method is-config="true" signature="TearDown()[pri:0, instance:Fuctionalities.IshaHomes@533bda92]" started-at="2024-04-01T11:07:27 IST" name="TearDown" finished-at="2024-04-01T11:07:28 IST" duration-ms="1356" status="PASS">
          <reporter-output>
          </reporter-output>
        </test-method> <!-- TearDown -->
      </class> <!-- Fuctionalities.IshaHomes -->
    </test> <!-- Default test -->
  </suite> <!-- Default suite -->
</testng-results>
